<?xml version='1.0' encoding='UTF-8'?>
<testsuite hostname="diegobatt" name="forcomp.AnagramsSuite" tests="11" errors="0" failures="1" skipped="0" time="0.451">
                     <properties>
[...]
</properties>
                     <testcase classname="forcomp.AnagramsSuite" name="wordOccurrences: abcd" time="0.019">
                                                 
                                               </testcase><testcase classname="forcomp.AnagramsSuite" name="wordOccurrences: Robert" time="0.0">
                                                 
                                               </testcase><testcase classname="forcomp.AnagramsSuite" name="sentenceOccurrences: abcd e" time="0.001">
                                                 
                                               </testcase><testcase classname="forcomp.AnagramsSuite" name="get: eat" time="0.404">
                                                 
                                               </testcase><testcase classname="forcomp.AnagramsSuite" name="word anagrams: married" time="0.001">
                                                 
                                               </testcase><testcase classname="forcomp.AnagramsSuite" name="word anagrams: player" time="0.001">
                                                 
                                               </testcase><testcase classname="forcomp.AnagramsSuite" name="subtract: lard - r" time="0.002">
                                                 
                                               </testcase><testcase classname="forcomp.AnagramsSuite" name="combinations: []" time="0.0">
                                                 
                                               </testcase><testcase classname="forcomp.AnagramsSuite" name="combinations: abba" time="0.001">
                                                 
                                               </testcase><testcase classname="forcomp.AnagramsSuite" name="sentence anagrams: []" time="0.0">
                                                 
                                               </testcase><testcase classname="forcomp.AnagramsSuite" name="sentence anagrams: Linux rulez" time="0.022">
                                                 <failure message="Set() did not equal Set(List(&quot;Zulu&quot;, &quot;nil&quot;, &quot;Rex&quot;), List(&quot;null&quot;, &quot;Uzi&quot;, &quot;Rex&quot;), List(&quot;Zulu&quot;, &quot;Lin&quot;, &quot;Rex&quot;), List(&quot;Uzi&quot;, &quot;null&quot;, &quot;Rex&quot;), List(&quot;Uzi&quot;, &quot;Rex&quot;, &quot;null&quot;), List(&quot;Rex&quot;, &quot;Uzi&quot;, &quot;null&quot;), List(&quot;Lin&quot;, &quot;Rex&quot;, &quot;Zulu&quot;), List(&quot;nil&quot;, &quot;Rex&quot;, &quot;Zulu&quot;), List(&quot;nil&quot;, &quot;Zulu&quot;, &quot;Rex&quot;), List(&quot;null&quot;, &quot;Rex&quot;, &quot;Uzi&quot;), List(&quot;Rex&quot;, &quot;Zulu&quot;, &quot;Lin&quot;), List(&quot;Rex&quot;, &quot;nil&quot;, &quot;Zulu&quot;), List(&quot;Rex&quot;, &quot;null&quot;, &quot;Uzi&quot;), List(&quot;Zulu&quot;, &quot;Rex&quot;, &quot;Lin&quot;), List(&quot;Zulu&quot;, &quot;Rex&quot;, &quot;nil&quot;), List(&quot;rulez&quot;, &quot;Linux&quot;), List(&quot;Rex&quot;, &quot;Lin&quot;, &quot;Zulu&quot;), List(&quot;Rex&quot;, &quot;Zulu&quot;, &quot;nil&quot;), List(&quot;Lin&quot;, &quot;Zulu&quot;, &quot;Rex&quot;), List(&quot;Linux&quot;, &quot;rulez&quot;))" type="org.scalatest.exceptions.TestFailedException">org.scalatest.exceptions.TestFailedException: Set() did not equal Set(List(&quot;Zulu&quot;, &quot;nil&quot;, &quot;Rex&quot;), List(&quot;null&quot;, &quot;Uzi&quot;, &quot;Rex&quot;), List(&quot;Zulu&quot;, &quot;Lin&quot;, &quot;Rex&quot;), List(&quot;Uzi&quot;, &quot;null&quot;, &quot;Rex&quot;), List(&quot;Uzi&quot;, &quot;Rex&quot;, &quot;null&quot;), List(&quot;Rex&quot;, &quot;Uzi&quot;, &quot;null&quot;), List(&quot;Lin&quot;, &quot;Rex&quot;, &quot;Zulu&quot;), List(&quot;nil&quot;, &quot;Rex&quot;, &quot;Zulu&quot;), List(&quot;nil&quot;, &quot;Zulu&quot;, &quot;Rex&quot;), List(&quot;null&quot;, &quot;Rex&quot;, &quot;Uzi&quot;), List(&quot;Rex&quot;, &quot;Zulu&quot;, &quot;Lin&quot;), List(&quot;Rex&quot;, &quot;nil&quot;, &quot;Zulu&quot;), List(&quot;Rex&quot;, &quot;null&quot;, &quot;Uzi&quot;), List(&quot;Zulu&quot;, &quot;Rex&quot;, &quot;Lin&quot;), List(&quot;Zulu&quot;, &quot;Rex&quot;, &quot;nil&quot;), List(&quot;rulez&quot;, &quot;Linux&quot;), List(&quot;Rex&quot;, &quot;Lin&quot;, &quot;Zulu&quot;), List(&quot;Rex&quot;, &quot;Zulu&quot;, &quot;nil&quot;), List(&quot;Lin&quot;, &quot;Zulu&quot;, &quot;Rex&quot;), List(&quot;Linux&quot;, &quot;rulez&quot;))
	at org.scalatest.Assertions$class.newAssertionFailedException(Assertions.scala:528)
	at org.scalatest.FunSuite.newAssertionFailedException(FunSuite.scala:1560)
	at org.scalatest.Assertions$AssertionsHelper.macroAssert(Assertions.scala:501)
	at forcomp.AnagramsSuite$$anonfun$13.apply(AnagramsSuite.scala:102)
	at forcomp.AnagramsSuite$$anonfun$13.apply(AnagramsSuite.scala:77)
	at org.scalatest.OutcomeOf$class.outcomeOf(OutcomeOf.scala:85)
	at org.scalatest.OutcomeOf$.outcomeOf(OutcomeOf.scala:104)
	at org.scalatest.Transformer.apply(Transformer.scala:22)
	at org.scalatest.Transformer.apply(Transformer.scala:20)
	at org.scalatest.FunSuiteLike$$anon$1.apply(FunSuiteLike.scala:186)
	at org.scalatest.TestSuite$class.withFixture(TestSuite.scala:196)
	at org.scalatest.FunSuite.withFixture(FunSuite.scala:1560)
	at org.scalatest.FunSuiteLike$class.invokeWithFixture$1(FunSuiteLike.scala:183)
	at org.scalatest.FunSuiteLike$$anonfun$runTest$1.apply(FunSuiteLike.scala:196)
	at org.scalatest.FunSuiteLike$$anonfun$runTest$1.apply(FunSuiteLike.scala:196)
	at org.scalatest.SuperEngine.runTestImpl(Engine.scala:289)
	at org.scalatest.FunSuiteLike$class.runTest(FunSuiteLike.scala:196)
	at org.scalatest.FunSuite.runTest(FunSuite.scala:1560)
	at org.scalatest.FunSuiteLike$$anonfun$runTests$1.apply(FunSuiteLike.scala:229)
	at org.scalatest.FunSuiteLike$$anonfun$runTests$1.apply(FunSuiteLike.scala:229)
	at org.scalatest.SuperEngine$$anonfun$traverseSubNodes$1$1.apply(Engine.scala:396)
	at org.scalatest.SuperEngine$$anonfun$traverseSubNodes$1$1.apply(Engine.scala:384)
	at scala.collection.immutable.List.foreach(List.scala:392)
	at org.scalatest.SuperEngine.traverseSubNodes$1(Engine.scala:384)
	at org.scalatest.SuperEngine.org$scalatest$SuperEngine$$runTestsInBranch(Engine.scala:379)
	at org.scalatest.SuperEngine.runTestsImpl(Engine.scala:461)
	at org.scalatest.FunSuiteLike$class.runTests(FunSuiteLike.scala:229)
	at org.scalatest.FunSuite.runTests(FunSuite.scala:1560)
	at org.scalatest.Suite$class.run(Suite.scala:1147)
	at org.scalatest.FunSuite.org$scalatest$FunSuiteLike$$super$run(FunSuite.scala:1560)
	at org.scalatest.FunSuiteLike$$anonfun$run$1.apply(FunSuiteLike.scala:233)
	at org.scalatest.FunSuiteLike$$anonfun$run$1.apply(FunSuiteLike.scala:233)
	at org.scalatest.SuperEngine.runImpl(Engine.scala:521)
	at org.scalatest.FunSuiteLike$class.run(FunSuiteLike.scala:233)
	at org.scalatest.FunSuite.run(FunSuite.scala:1560)
	at org.scalatest.tools.Framework.org$scalatest$tools$Framework$$runSuite(Framework.scala:314)
	at org.scalatest.tools.Framework$ScalaTestTask.execute(Framework.scala:480)
	at sbt.TestRunner.runTest$1(TestFramework.scala:106)
	at sbt.TestRunner.run(TestFramework.scala:117)
	at sbt.TestFramework$$anon$2$$anonfun$$lessinit$greater$1.$anonfun$apply$1(TestFramework.scala:262)
	at sbt.TestFramework$.sbt$TestFramework$$withContextLoader(TestFramework.scala:233)
	at sbt.TestFramework$$anon$2$$anonfun$$lessinit$greater$1.apply(TestFramework.scala:262)
	at sbt.TestFramework$$anon$2$$anonfun$$lessinit$greater$1.apply(TestFramework.scala:262)
	at sbt.TestFunction.apply(TestFramework.scala:271)
	at sbt.Tests$.$anonfun$toTask$1(Tests.scala:281)
	at sbt.std.Transform$$anon$3.$anonfun$apply$2(System.scala:46)
	at sbt.std.Transform$$anon$4.work(System.scala:66)
	at sbt.Execute.$anonfun$submit$2(Execute.scala:263)
	at sbt.internal.util.ErrorHandling$.wideConvert(ErrorHandling.scala:16)
	at sbt.Execute.work(Execute.scala:272)
	at sbt.Execute.$anonfun$submit$1(Execute.scala:263)
	at sbt.ConcurrentRestrictions$$anon$4.$anonfun$submitValid$1(ConcurrentRestrictions.scala:174)
	at sbt.CompletionService$$anon$2.call(CompletionService.scala:37)
	at java.base/java.util.concurrent.FutureTask.run(FutureTask.java:264)
	at java.base/java.util.concurrent.Executors$RunnableAdapter.call(Executors.java:515)
	at java.base/java.util.concurrent.FutureTask.run(FutureTask.java:264)
	at java.base/java.util.concurrent.ThreadPoolExecutor.runWorker(ThreadPoolExecutor.java:1128)
	at java.base/java.util.concurrent.ThreadPoolExecutor$Worker.run(ThreadPoolExecutor.java:628)
	at java.base/java.lang.Thread.run(Thread.java:834)
</failure>
                                               </testcase>
                     <system-out><![CDATA[]]></system-out>
                     <system-err><![CDATA[]]></system-err>
                   </testsuite>