<?xml version='1.0' encoding='UTF-8'?>
<testsuite hostname="diegobatt" name="example.ListsSuite" tests="3" errors="0" failures="0" skipped="0" time="0.016">
                     <properties>
[...]
</properties>
                     <testcase classname="example.ListsSuite" name="sum of a few numbers" time="0.015">
                                                 
                                               </testcase><testcase classname="example.ListsSuite" name="max of a few numbers" time="0.0">
                                                 
                                               </testcase><testcase classname="example.ListsSuite" name="Exception if max of empty list" time="0.001">
                                                 
                                               </testcase>
                     <system-out><![CDATA[]]></system-out>
                     <system-err><![CDATA[]]></system-err>
                   </testsuite>